\BOOKMARK [1][-]{section.0.1}{\376\377\000I\000n\000t\000r\000o\000d\000u\000c\000t\000i\000o\000n}{}% 1
\BOOKMARK [2][-]{subsection.0.1.1}{\376\377\000P\000r\000o\000b\000l\000e\000m\000\040\000S\000t\000a\000t\000e\000m\000e\000n\000t\000\040}{section.0.1}% 2
\BOOKMARK [2][-]{subsection.0.1.2}{\376\377\000O\000b\000j\000e\000c\000t\000i\000v\000e\000\040}{section.0.1}% 3
\BOOKMARK [1][-]{section.0.2}{\376\377\000T\000o\000o\000l\000s\000\040\000a\000n\000d\000\040\000T\000e\000c\000h\000n\000i\000q\000u\000e\000s\000\040\000U\000s\000e\000d}{}% 4
\BOOKMARK [2][-]{subsection.0.2.1}{\376\377\000L\000i\000b\000r\000a\000r\000i\000e\000s\000\040\000U\000s\000e\000d}{section.0.2}% 5
\BOOKMARK [2][-]{subsection.0.2.2}{\376\377\000A\000l\000g\000o\000r\000i\000t\000h\000m\000\040}{section.0.2}% 6
\BOOKMARK [2][-]{subsection.0.2.3}{\376\377\000F\000l\000o\000w\000\040\000C\000h\000a\000r\000t\000\040\000o\000f\000\040\000V\000i\000r\000t\000u\000a\000l\000\040\000M\000o\000u\000s\000e}{section.0.2}% 7
\BOOKMARK [1][-]{section.0.3}{\376\377\000F\000e\000a\000t\000u\000r\000e\000s\000\040\000o\000f\000\040\000V\000i\000r\000t\000u\000a\000l\000\040\000M\000o\000u\000s\000e\000\040}{}% 8
\BOOKMARK [2][-]{subsection.0.3.1}{\376\377\000F\000u\000n\000c\000t\000i\000o\000n\000\040\0001\000\040\000\050\000\040\000C\000u\000r\000s\000o\000r\000\040\000M\000o\000v\000i\000n\000g\000\051}{section.0.3}% 9
\BOOKMARK [2][-]{subsection.0.3.2}{\376\377\000F\000u\000n\000c\000t\000i\000o\000n\000\040\0002\000\040\000\050\000\040\000C\000l\000i\000c\000k\000\040\000\051}{section.0.3}% 10
\BOOKMARK [2][-]{subsection.0.3.3}{\376\377\000F\000u\000n\000c\000t\000i\000o\000n\000\040\0003\000\040\000\050\000\040\000S\000e\000l\000e\000c\000t\000a\000b\000l\000e\000\040\000\051}{section.0.3}% 11
\BOOKMARK [2][-]{subsection.0.3.4}{\376\377\000F\000u\000n\000c\000t\000i\000o\000n\000\040\0004\000\040\000\050\000\040\000S\000e\000l\000e\000c\000t\000a\000b\000l\000e\000\040\000\051}{section.0.3}% 12
\BOOKMARK [2][-]{subsection.0.3.5}{\376\377\000F\000u\000n\000c\000t\000i\000o\000n\000\040\0005\000\040\000\050\000\040\000S\000e\000l\000e\000c\000t\000a\000b\000l\000e\000\040\000\051}{section.0.3}% 13
\BOOKMARK [2][-]{subsection.0.3.6}{\376\377\000O\000t\000h\000e\000r\000s}{section.0.3}% 14
\BOOKMARK [1][-]{section.0.4}{\376\377\000P\000e\000r\000f\000o\000r\000m\000a\000n\000c\000e\000\040\000A\000n\000a\000l\000y\000s\000i\000s}{}% 15
\BOOKMARK [2][-]{subsection.0.4.1}{\376\377\000T\000e\000s\000t\000\040\000R\000e\000s\000u\000l\000t\000s\000\040\000o\000f\000\040\000F\000u\000n\000c\000t\000i\000o\000n\000a\000l\000i\000t\000i\000e\000s}{section.0.4}% 16
\BOOKMARK [2][-]{subsection.0.4.2}{\376\377\000T\000e\000s\000t\000\040\000R\000e\000s\000u\000l\000t\000s\000\040\000i\000n\000\040\000D\000i\000f\000f\000e\000r\000e\000n\000t\000\040\000C\000o\000n\000d\000i\000t\000i\000o\000n\000s}{section.0.4}% 17
\BOOKMARK [1][-]{section.0.5}{\376\377\000C\000o\000n\000c\000l\000u\000s\000i\000o\000n\000\040\000a\000n\000d\000\040\000F\000u\000t\000u\000r\000e\000\040\000S\000c\000o\000p\000e}{}% 18
\BOOKMARK [2][-]{subsection.0.5.1}{\376\377\000C\000o\000n\000c\000l\000u\000s\000i\000o\000n}{section.0.5}% 19
\BOOKMARK [2][-]{subsection.0.5.2}{\376\377\000F\000u\000t\000u\000r\000e\000\040\000S\000c\000o\000p\000e}{section.0.5}% 20
\BOOKMARK [1][-]{section.0.6}{\376\377\000R\000e\000f\000e\000r\000e\000n\000c\000e\000s}{}% 21
